{"synthetic": false,
 "outputs":
 {"o": ["7529638886825762057"],
  "i": "9528700010913000088",
  "c": "6191975366531444833"},
 "log":
 [{"message":
   ".> LEAN_PATH=C:\\Users\\jdlon\\Documents\\logical_mechanics\\LM002_lean\\.lake\\packages\\Cli\\.lake\\build\\lib\\lean;C:\\Users\\jdlon\\Documents\\logical_mechanics\\LM002_lean\\.lake\\packages\\batteries\\.lake\\build\\lib\\lean;C:\\Users\\jdlon\\Documents\\logical_mechanics\\LM002_lean\\.lake\\packages\\Qq\\.lake\\build\\lib\\lean;C:\\Users\\jdlon\\Documents\\logical_mechanics\\LM002_lean\\.lake\\packages\\aesop\\.lake\\build\\lib\\lean;C:\\Users\\jdlon\\Documents\\logical_mechanics\\LM002_lean\\.lake\\packages\\proofwidgets\\.lake\\build\\lib\\lean;C:\\Users\\jdlon\\Documents\\logical_mechanics\\LM002_lean\\.lake\\packages\\importGraph\\.lake\\build\\lib\\lean;C:\\Users\\jdlon\\Documents\\logical_mechanics\\LM002_lean\\.lake\\packages\\LeanSearchClient\\.lake\\build\\lib\\lean;C:\\Users\\jdlon\\Documents\\logical_mechanics\\LM002_lean\\.lake\\packages\\plausible\\.lake\\build\\lib\\lean;C:\\Users\\jdlon\\Documents\\logical_mechanics\\LM002_lean\\.lake\\packages\\mathlib\\.lake\\build\\lib\\lean;C:\\Users\\jdlon\\Documents\\logical_mechanics\\LM002_lean\\.lake\\build\\lib\\lean c:\\Users\\jdlon\\.elan\\toolchains\\leanprover--lean4---v4.22.0\\bin\\lean.exe C:\\Users\\jdlon\\Documents\\logical_mechanics\\LM002_lean\\lean_proofs\\L008_Finitude_2.lean -o C:\\Users\\jdlon\\Documents\\logical_mechanics\\LM002_lean\\.lake\\build\\lib\\lean\\L008_Finitude_2.olean -i C:\\Users\\jdlon\\Documents\\logical_mechanics\\LM002_lean\\.lake\\build\\lib\\lean\\L008_Finitude_2.ilean -c C:\\Users\\jdlon\\Documents\\logical_mechanics\\LM002_lean\\.lake\\build\\ir\\L008_Finitude_2.c --setup C:\\Users\\jdlon\\Documents\\logical_mechanics\\LM002_lean\\.lake\\build\\ir\\L008_Finitude_2.setup.json --json",
   "level": "trace"},
  {"message":
   "lean_proofs/L008_Finitude_2.lean:24:13: unused variable `time`\n\nNote: This linter can be disabled with `set_option linter.unusedVariables false`",
   "level": "warning"},
  {"message":
   "lean_proofs/L008_Finitude_2.lean:25:13: unused variable `time`\n\nNote: This linter can be disabled with `set_option linter.unusedVariables false`",
   "level": "warning"},
  {"message": "lean_proofs/L008_Finitude_2.lean:69:8: declaration uses 'sorry'",
   "level": "warning"}],
 "inputs":
 [["L008_Finitude_2:deps",
   [["deps",
     [["logical_mechanics/L008_Finitude_2:extraDep",
       [["@logical_mechanics:extraDep", "1723"]]],
      ["import oleans",
       [["Mathlib.Data.Fintype.Basic:olean",
         [["Mathlib.Data.Fintype.Basic:deps", "13830168679655449756"],
          ["C:\\Users\\jdlon\\Documents\\logical_mechanics\\LM002_lean\\.lake\\packages\\mathlib\\.lake\\build\\lib\\lean\\Mathlib\\Data\\Fintype\\Basic.olean",
           "4373840338030229827"]]],
        ["Mathlib.Logic.Basic:olean",
         [["Mathlib.Logic.Basic:deps", "17355445145878049796"],
          ["C:\\Users\\jdlon\\Documents\\logical_mechanics\\LM002_lean\\.lake\\packages\\mathlib\\.lake\\build\\lib\\lean\\Mathlib\\Logic\\Basic.olean",
           "16022233196584889136"]]]]]]],
    ["libs",
     [["import dynlibs", "1723"],
      ["package external libraries", "1723"],
      ["module dynlibs", "1723"],
      ["module plugins", "1723"]]]]],
  ["Lean 4.22.0, commit ba2cbbf09d4978f416e0ebd1fceeebc2c4138c05",
   "8739116525927611134"],
  ["C:\\Users\\jdlon\\Documents\\logical_mechanics\\LM002_lean\\lean_proofs\\L008_Finitude_2.lean",
   "13342908095576913577"],
  ["options", "1723"],
  ["Module.leanArgs: #[]", "1723"]],
 "depHash": "6377231003137428273"}