{"synthetic": false,
 "outputs":
 {"o": ["10402020771452760589"],
  "i": "8957914117635774757",
  "c": "12889002472266960079"},
 "log":
 [{"message":
   ".> LEAN_PATH=C:\\Users\\jdlon\\Documents\\logical_mechanics\\LM002_lean\\.lake\\packages\\Cli\\.lake\\build\\lib\\lean;C:\\Users\\jdlon\\Documents\\logical_mechanics\\LM002_lean\\.lake\\packages\\batteries\\.lake\\build\\lib\\lean;C:\\Users\\jdlon\\Documents\\logical_mechanics\\LM002_lean\\.lake\\packages\\Qq\\.lake\\build\\lib\\lean;C:\\Users\\jdlon\\Documents\\logical_mechanics\\LM002_lean\\.lake\\packages\\aesop\\.lake\\build\\lib\\lean;C:\\Users\\jdlon\\Documents\\logical_mechanics\\LM002_lean\\.lake\\packages\\proofwidgets\\.lake\\build\\lib\\lean;C:\\Users\\jdlon\\Documents\\logical_mechanics\\LM002_lean\\.lake\\packages\\importGraph\\.lake\\build\\lib\\lean;C:\\Users\\jdlon\\Documents\\logical_mechanics\\LM002_lean\\.lake\\packages\\LeanSearchClient\\.lake\\build\\lib\\lean;C:\\Users\\jdlon\\Documents\\logical_mechanics\\LM002_lean\\.lake\\packages\\plausible\\.lake\\build\\lib\\lean;C:\\Users\\jdlon\\Documents\\logical_mechanics\\LM002_lean\\.lake\\packages\\mathlib\\.lake\\build\\lib\\lean;C:\\Users\\jdlon\\Documents\\logical_mechanics\\LM002_lean\\.lake\\build\\lib\\lean c:\\Users\\jdlon\\.elan\\toolchains\\leanprover--lean4---v4.22.0\\bin\\lean.exe C:\\Users\\jdlon\\Documents\\logical_mechanics\\LM002_lean\\Main.lean -o C:\\Users\\jdlon\\Documents\\logical_mechanics\\LM002_lean\\.lake\\build\\lib\\lean\\Main.olean -i C:\\Users\\jdlon\\Documents\\logical_mechanics\\LM002_lean\\.lake\\build\\lib\\lean\\Main.ilean -c C:\\Users\\jdlon\\Documents\\logical_mechanics\\LM002_lean\\.lake\\build\\ir\\Main.c --setup C:\\Users\\jdlon\\Documents\\logical_mechanics\\LM002_lean\\.lake\\build\\ir\\Main.setup.json --json",
   "level": "trace"}],
 "inputs":
 [["Main:deps",
   [["deps",
     [["logical_mechanics/logical_mechanics:extraDep",
       [["@logical_mechanics:extraDep", "1723"]]],
      ["import oleans", "1723"]]],
    ["libs",
     [["import dynlibs", "1723"],
      ["package external libraries", "1723"],
      ["module dynlibs", "1723"],
      ["module plugins", "1723"]]]]],
  ["Lean 4.22.0, commit ba2cbbf09d4978f416e0ebd1fceeebc2c4138c05",
   "8739116525927611134"],
  ["C:\\Users\\jdlon\\Documents\\logical_mechanics\\LM002_lean\\Main.lean",
   "11824672428095731613"],
  ["options", "1723"],
  ["Module.leanArgs: #[]", "1723"]],
 "depHash": "13362128134132581448"}