{"synthetic": false,
 "outputs":
 {"o": ["2735010320607202284"],
  "i": "5422711305902319634",
  "c": "8794115056343818139"},
 "log":
 [{"message":
   ".> LEAN_PATH=C:\\Users\\jdlon\\Documents\\logical_mechanics\\LM002_lean\\.lake\\packages\\Cli\\.lake\\build\\lib\\lean;C:\\Users\\jdlon\\Documents\\logical_mechanics\\LM002_lean\\.lake\\packages\\batteries\\.lake\\build\\lib\\lean;C:\\Users\\jdlon\\Documents\\logical_mechanics\\LM002_lean\\.lake\\packages\\Qq\\.lake\\build\\lib\\lean;C:\\Users\\jdlon\\Documents\\logical_mechanics\\LM002_lean\\.lake\\packages\\aesop\\.lake\\build\\lib\\lean;C:\\Users\\jdlon\\Documents\\logical_mechanics\\LM002_lean\\.lake\\packages\\proofwidgets\\.lake\\build\\lib\\lean;C:\\Users\\jdlon\\Documents\\logical_mechanics\\LM002_lean\\.lake\\packages\\importGraph\\.lake\\build\\lib\\lean;C:\\Users\\jdlon\\Documents\\logical_mechanics\\LM002_lean\\.lake\\packages\\LeanSearchClient\\.lake\\build\\lib\\lean;C:\\Users\\jdlon\\Documents\\logical_mechanics\\LM002_lean\\.lake\\packages\\plausible\\.lake\\build\\lib\\lean;C:\\Users\\jdlon\\Documents\\logical_mechanics\\LM002_lean\\.lake\\packages\\mathlib\\.lake\\build\\lib\\lean;C:\\Users\\jdlon\\Documents\\logical_mechanics\\LM002_lean\\.lake\\build\\lib\\lean c:\\Users\\jdlon\\.elan\\toolchains\\leanprover--lean4---v4.22.0\\bin\\lean.exe C:\\Users\\jdlon\\Documents\\logical_mechanics\\LM002_lean\\lean_proofs\\LeanProofs\\L001_Pauli_Exclusion.lean -o C:\\Users\\jdlon\\Documents\\logical_mechanics\\LM002_lean\\.lake\\build\\lib\\lean\\LeanProofs\\L001_Pauli_Exclusion.olean -i C:\\Users\\jdlon\\Documents\\logical_mechanics\\LM002_lean\\.lake\\build\\lib\\lean\\LeanProofs\\L001_Pauli_Exclusion.ilean -c C:\\Users\\jdlon\\Documents\\logical_mechanics\\LM002_lean\\.lake\\build\\ir\\LeanProofs\\L001_Pauli_Exclusion.c --setup C:\\Users\\jdlon\\Documents\\logical_mechanics\\LM002_lean\\.lake\\build\\ir\\LeanProofs\\L001_Pauli_Exclusion.setup.json --json",
   "level": "trace"}],
 "inputs":
 [["LeanProofs.L001_Pauli_Exclusion:deps",
   [["deps",
     [["logical_mechanics/LeanProofs:extraDep",
       [["@logical_mechanics:extraDep", "1723"]]],
      ["import oleans",
       [["Mathlib.Data.Fintype.Basic:olean",
         [["Mathlib.Data.Fintype.Basic:deps", "13830168679655449756"],
          ["C:\\Users\\jdlon\\Documents\\logical_mechanics\\LM002_lean\\.lake\\packages\\mathlib\\.lake\\build\\lib\\lean\\Mathlib\\Data\\Fintype\\Basic.olean",
           "4373840338030229827"]]],
        ["Mathlib.Data.Fin.Basic:olean",
         [["Mathlib.Data.Fin.Basic:deps", "11434518180440891774"],
          ["C:\\Users\\jdlon\\Documents\\logical_mechanics\\LM002_lean\\.lake\\packages\\mathlib\\.lake\\build\\lib\\lean\\Mathlib\\Data\\Fin\\Basic.olean",
           "2086565457082691201"]]],
        ["Mathlib.GroupTheory.Perm.Basic:olean",
         [["Mathlib.GroupTheory.Perm.Basic:deps", "17155577862068678411"],
          ["C:\\Users\\jdlon\\Documents\\logical_mechanics\\LM002_lean\\.lake\\packages\\mathlib\\.lake\\build\\lib\\lean\\Mathlib\\GroupTheory\\Perm\\Basic.olean",
           "9338215454483183491"]]],
        ["Mathlib.GroupTheory.Perm.Sign:olean",
         [["Mathlib.GroupTheory.Perm.Sign:deps", "11824047287757686258"],
          ["C:\\Users\\jdlon\\Documents\\logical_mechanics\\LM002_lean\\.lake\\packages\\mathlib\\.lake\\build\\lib\\lean\\Mathlib\\GroupTheory\\Perm\\Sign.olean",
           "17240709442715168634"]]],
        ["Mathlib.Algebra.Group.Basic:olean",
         [["Mathlib.Algebra.Group.Basic:deps", "14312757501751492778"],
          ["C:\\Users\\jdlon\\Documents\\logical_mechanics\\LM002_lean\\.lake\\packages\\mathlib\\.lake\\build\\lib\\lean\\Mathlib\\Algebra\\Group\\Basic.olean",
           "15411624119459244757"]]],
        ["Mathlib.Logic.Basic:olean",
         [["Mathlib.Logic.Basic:deps", "17355445145878049796"],
          ["C:\\Users\\jdlon\\Documents\\logical_mechanics\\LM002_lean\\.lake\\packages\\mathlib\\.lake\\build\\lib\\lean\\Mathlib\\Logic\\Basic.olean",
           "16022233196584889136"]]],
        ["Mathlib.Algebra.Ring.Basic:olean",
         [["Mathlib.Algebra.Ring.Basic:deps", "8363213073105326308"],
          ["C:\\Users\\jdlon\\Documents\\logical_mechanics\\LM002_lean\\.lake\\packages\\mathlib\\.lake\\build\\lib\\lean\\Mathlib\\Algebra\\Ring\\Basic.olean",
           "7424372704204735283"]]]]]]],
    ["libs",
     [["import dynlibs", "1723"],
      ["package external libraries", "1723"],
      ["module dynlibs", "1723"],
      ["module plugins", "1723"]]]]],
  ["Lean 4.22.0, commit ba2cbbf09d4978f416e0ebd1fceeebc2c4138c05",
   "8739116525927611134"],
  ["C:\\Users\\jdlon\\Documents\\logical_mechanics\\LM002_lean\\lean_proofs\\LeanProofs\\L001_Pauli_Exclusion.lean",
   "3654830397375407876"],
  ["options", "1723"],
  ["Module.leanArgs: #[]", "1723"]],
 "depHash": "14109136937347372727"}