{"synthetic": false,
 "outputs":
 {"o": ["10269984256299489943"],
  "i": "1258281588563103289",
  "c": "16990739889946333453"},
 "log":
 [{"message":
   ".> LEAN_PATH=C:\\Users\\jdlon\\Documents\\logical_mechanics\\LM002_lean\\.lake\\packages\\Cli\\.lake\\build\\lib\\lean;C:\\Users\\jdlon\\Documents\\logical_mechanics\\LM002_lean\\.lake\\packages\\batteries\\.lake\\build\\lib\\lean;C:\\Users\\jdlon\\Documents\\logical_mechanics\\LM002_lean\\.lake\\packages\\Qq\\.lake\\build\\lib\\lean;C:\\Users\\jdlon\\Documents\\logical_mechanics\\LM002_lean\\.lake\\packages\\aesop\\.lake\\build\\lib\\lean;C:\\Users\\jdlon\\Documents\\logical_mechanics\\LM002_lean\\.lake\\packages\\proofwidgets\\.lake\\build\\lib\\lean;C:\\Users\\jdlon\\Documents\\logical_mechanics\\LM002_lean\\.lake\\packages\\importGraph\\.lake\\build\\lib\\lean;C:\\Users\\jdlon\\Documents\\logical_mechanics\\LM002_lean\\.lake\\packages\\LeanSearchClient\\.lake\\build\\lib\\lean;C:\\Users\\jdlon\\Documents\\logical_mechanics\\LM002_lean\\.lake\\packages\\plausible\\.lake\\build\\lib\\lean;C:\\Users\\jdlon\\Documents\\logical_mechanics\\LM002_lean\\.lake\\packages\\mathlib\\.lake\\build\\lib\\lean;C:\\Users\\jdlon\\Documents\\logical_mechanics\\LM002_lean\\.lake\\build\\lib\\lean c:\\Users\\jdlon\\.elan\\toolchains\\leanprover--lean4---v4.22.0\\bin\\lean.exe C:\\Users\\jdlon\\Documents\\logical_mechanics\\LM002_lean\\lean_proofs\\LeanProofs\\L004_Entanglement.lean -o C:\\Users\\jdlon\\Documents\\logical_mechanics\\LM002_lean\\.lake\\build\\lib\\lean\\LeanProofs\\L004_Entanglement.olean -i C:\\Users\\jdlon\\Documents\\logical_mechanics\\LM002_lean\\.lake\\build\\lib\\lean\\LeanProofs\\L004_Entanglement.ilean -c C:\\Users\\jdlon\\Documents\\logical_mechanics\\LM002_lean\\.lake\\build\\ir\\LeanProofs\\L004_Entanglement.c --setup C:\\Users\\jdlon\\Documents\\logical_mechanics\\LM002_lean\\.lake\\build\\ir\\LeanProofs\\L004_Entanglement.setup.json --json",
   "level": "trace"},
  {"message":
   "lean_proofs/LeanProofs/L004_Entanglement.lean:168:8: declaration uses 'sorry'",
   "level": "warning"},
  {"message":
   "lean_proofs/LeanProofs/L004_Entanglement.lean:213:8: declaration uses 'sorry'",
   "level": "warning"}],
 "inputs":
 [["LeanProofs.L004_Entanglement:deps",
   [["deps",
     [["logical_mechanics/LeanProofs:extraDep",
       [["@logical_mechanics:extraDep", "1723"]]],
      ["import oleans",
       [["Mathlib.Data.Fintype.Basic:olean",
         [["Mathlib.Data.Fintype.Basic:deps", "13830168679655449756"],
          ["C:\\Users\\jdlon\\Documents\\logical_mechanics\\LM002_lean\\.lake\\packages\\mathlib\\.lake\\build\\lib\\lean\\Mathlib\\Data\\Fintype\\Basic.olean",
           "4373840338030229827"]]],
        ["Mathlib.Data.Fintype.Card:olean",
         [["Mathlib.Data.Fintype.Card:deps", "8082044771438699326"],
          ["C:\\Users\\jdlon\\Documents\\logical_mechanics\\LM002_lean\\.lake\\packages\\mathlib\\.lake\\build\\lib\\lean\\Mathlib\\Data\\Fintype\\Card.olean",
           "9668077570133546978"]]],
        ["Mathlib.Data.Fintype.Prod:olean",
         [["Mathlib.Data.Fintype.Prod:deps", "16251238991212364303"],
          ["C:\\Users\\jdlon\\Documents\\logical_mechanics\\LM002_lean\\.lake\\packages\\mathlib\\.lake\\build\\lib\\lean\\Mathlib\\Data\\Fintype\\Prod.olean",
           "13316507537052367837"]]],
        ["Mathlib.Data.Fin.Basic:olean",
         [["Mathlib.Data.Fin.Basic:deps", "11434518180440891774"],
          ["C:\\Users\\jdlon\\Documents\\logical_mechanics\\LM002_lean\\.lake\\packages\\mathlib\\.lake\\build\\lib\\lean\\Mathlib\\Data\\Fin\\Basic.olean",
           "2086565457082691201"]]],
        ["Mathlib.Data.Bool.Basic:olean",
         [["Mathlib.Data.Bool.Basic:deps", "17792475217078421902"],
          ["C:\\Users\\jdlon\\Documents\\logical_mechanics\\LM002_lean\\.lake\\packages\\mathlib\\.lake\\build\\lib\\lean\\Mathlib\\Data\\Bool\\Basic.olean",
           "7155953903433603289"]]],
        ["Mathlib.Logic.Basic:olean",
         [["Mathlib.Logic.Basic:deps", "17355445145878049796"],
          ["C:\\Users\\jdlon\\Documents\\logical_mechanics\\LM002_lean\\.lake\\packages\\mathlib\\.lake\\build\\lib\\lean\\Mathlib\\Logic\\Basic.olean",
           "16022233196584889136"]]],
        ["Mathlib.Algebra.Ring.Basic:olean",
         [["Mathlib.Algebra.Ring.Basic:deps", "8363213073105326308"],
          ["C:\\Users\\jdlon\\Documents\\logical_mechanics\\LM002_lean\\.lake\\packages\\mathlib\\.lake\\build\\lib\\lean\\Mathlib\\Algebra\\Ring\\Basic.olean",
           "7424372704204735283"]]],
        ["Mathlib.Tactic.Linarith:olean",
         [["Mathlib.Tactic.Linarith:deps", "8815623059343797653"],
          ["C:\\Users\\jdlon\\Documents\\logical_mechanics\\LM002_lean\\.lake\\packages\\mathlib\\.lake\\build\\lib\\lean\\Mathlib\\Tactic\\Linarith.olean",
           "11925011763374207645"]]]]]]],
    ["libs",
     [["import dynlibs", "1723"],
      ["package external libraries", "1723"],
      ["module dynlibs", "1723"],
      ["module plugins", "1723"]]]]],
  ["Lean 4.22.0, commit ba2cbbf09d4978f416e0ebd1fceeebc2c4138c05",
   "8739116525927611134"],
  ["C:\\Users\\jdlon\\Documents\\logical_mechanics\\LM002_lean\\lean_proofs\\LeanProofs\\L004_Entanglement.lean",
   "12355377118000460671"],
  ["options", "1723"],
  ["Module.leanArgs: #[]", "1723"]],
 "depHash": "814055366948108485"}