{"synthetic": false,
 "outputs":
 {"o": ["3257568559794772719"],
  "i": "7676857953335090448",
  "c": "7419462853673585705"},
 "log":
 [{"message":
   ".> LEAN_PATH=C:\\Users\\jdlon\\Documents\\logical_mechanics\\LM002_lean\\.lake\\packages\\Cli\\.lake\\build\\lib\\lean;C:\\Users\\jdlon\\Documents\\logical_mechanics\\LM002_lean\\.lake\\packages\\batteries\\.lake\\build\\lib\\lean;C:\\Users\\jdlon\\Documents\\logical_mechanics\\LM002_lean\\.lake\\packages\\Qq\\.lake\\build\\lib\\lean;C:\\Users\\jdlon\\Documents\\logical_mechanics\\LM002_lean\\.lake\\packages\\aesop\\.lake\\build\\lib\\lean;C:\\Users\\jdlon\\Documents\\logical_mechanics\\LM002_lean\\.lake\\packages\\proofwidgets\\.lake\\build\\lib\\lean;C:\\Users\\jdlon\\Documents\\logical_mechanics\\LM002_lean\\.lake\\packages\\importGraph\\.lake\\build\\lib\\lean;C:\\Users\\jdlon\\Documents\\logical_mechanics\\LM002_lean\\.lake\\packages\\LeanSearchClient\\.lake\\build\\lib\\lean;C:\\Users\\jdlon\\Documents\\logical_mechanics\\LM002_lean\\.lake\\packages\\plausible\\.lake\\build\\lib\\lean;C:\\Users\\jdlon\\Documents\\logical_mechanics\\LM002_lean\\.lake\\packages\\mathlib\\.lake\\build\\lib\\lean;C:\\Users\\jdlon\\Documents\\logical_mechanics\\LM002_lean\\.lake\\build\\lib\\lean c:\\Users\\jdlon\\.elan\\toolchains\\leanprover--lean4---v4.22.0\\bin\\lean.exe C:\\Users\\jdlon\\Documents\\logical_mechanics\\LM002_lean\\lean_proofs\\LeanProofs\\L008_Finitude_2.lean -o C:\\Users\\jdlon\\Documents\\logical_mechanics\\LM002_lean\\.lake\\build\\lib\\lean\\LeanProofs\\L008_Finitude_2.olean -i C:\\Users\\jdlon\\Documents\\logical_mechanics\\LM002_lean\\.lake\\build\\lib\\lean\\LeanProofs\\L008_Finitude_2.ilean -c C:\\Users\\jdlon\\Documents\\logical_mechanics\\LM002_lean\\.lake\\build\\ir\\LeanProofs\\L008_Finitude_2.c --setup C:\\Users\\jdlon\\Documents\\logical_mechanics\\LM002_lean\\.lake\\build\\ir\\LeanProofs\\L008_Finitude_2.setup.json --json",
   "level": "trace"},
  {"message":
   "lean_proofs/LeanProofs/L008_Finitude_2.lean:47:6: declaration uses 'sorry'",
   "level": "warning"},
  {"message":
   "lean_proofs/LeanProofs/L008_Finitude_2.lean:68:6: declaration uses 'sorry'",
   "level": "warning"},
  {"message":
   "lean_proofs/LeanProofs/L008_Finitude_2.lean:127:8: declaration uses 'sorry'",
   "level": "warning"},
  {"message":
   "lean_proofs/LeanProofs/L008_Finitude_2.lean:147:8: declaration uses 'sorry'",
   "level": "warning"}],
 "inputs":
 [["LeanProofs.L008_Finitude_2:deps",
   [["deps",
     [["logical_mechanics/LeanProofs:extraDep",
       [["@logical_mechanics:extraDep", "1723"]]],
      ["import oleans",
       [["Mathlib.Data.Fintype.Basic:olean",
         [["Mathlib.Data.Fintype.Basic:deps", "13830168679655449756"],
          ["C:\\Users\\jdlon\\Documents\\logical_mechanics\\LM002_lean\\.lake\\packages\\mathlib\\.lake\\build\\lib\\lean\\Mathlib\\Data\\Fintype\\Basic.olean",
           "4373840338030229827"]]],
        ["Mathlib.Data.Finset.Basic:olean",
         [["Mathlib.Data.Finset.Basic:deps", "12621179739268807775"],
          ["C:\\Users\\jdlon\\Documents\\logical_mechanics\\LM002_lean\\.lake\\packages\\mathlib\\.lake\\build\\lib\\lean\\Mathlib\\Data\\Finset\\Basic.olean",
           "898700900722430060"]]],
        ["Mathlib.Data.Nat.Basic:olean",
         [["Mathlib.Data.Nat.Basic:deps", "17068948562868277310"],
          ["C:\\Users\\jdlon\\Documents\\logical_mechanics\\LM002_lean\\.lake\\packages\\mathlib\\.lake\\build\\lib\\lean\\Mathlib\\Data\\Nat\\Basic.olean",
           "9482712417954452419"]]],
        ["Mathlib.Data.Real.Basic:olean",
         [["Mathlib.Data.Real.Basic:deps", "17604978032854084310"],
          ["C:\\Users\\jdlon\\Documents\\logical_mechanics\\LM002_lean\\.lake\\packages\\mathlib\\.lake\\build\\lib\\lean\\Mathlib\\Data\\Real\\Basic.olean",
           "11324642191927447807"]]],
        ["Mathlib.Logic.Basic:olean",
         [["Mathlib.Logic.Basic:deps", "17355445145878049796"],
          ["C:\\Users\\jdlon\\Documents\\logical_mechanics\\LM002_lean\\.lake\\packages\\mathlib\\.lake\\build\\lib\\lean\\Mathlib\\Logic\\Basic.olean",
           "16022233196584889136"]]]]]]],
    ["libs",
     [["import dynlibs", "1723"],
      ["package external libraries", "1723"],
      ["module dynlibs", "1723"],
      ["module plugins", "1723"]]]]],
  ["Lean 4.22.0, commit ba2cbbf09d4978f416e0ebd1fceeebc2c4138c05",
   "8739116525927611134"],
  ["C:\\Users\\jdlon\\Documents\\logical_mechanics\\LM002_lean\\lean_proofs\\LeanProofs\\L008_Finitude_2.lean",
   "18183242048801648574"],
  ["options", "1723"],
  ["Module.leanArgs: #[]", "1723"]],
 "depHash": "6582729454615256454"}